2022-05-10 10:48:09, info, inside getname method - message from winston
2022-05-10 10:48:10, info, inside getname method - message from winston
2022-05-10 10:48:14, info, inside getdata method - message from winston
2022-05-10 10:48:14, info, inside fetchbytokenbooking method - message from winston
2022-05-10 10:48:14, info, inside fetchslots method - message from winston
2022-05-10 10:48:15, info, inside fetchbytokenbooking method - message from winston
2022-05-10 10:48:15, info, inside getdata method - message from winston
2022-05-10 10:48:15, info, inside fetchbytokenbooking method - message from winston
2022-05-10 10:48:15, info, inside fetchslots method - message from winston
2022-05-10 10:48:17, info, inside fetchslots method - message from winston
2022-05-10 10:48:19, info, inside make booking method - message from winston
2022-05-10 10:48:20, info, inside fetchbytokenbooking method - message from winston
2022-05-10 10:48:21, info, inside fetchbytokenbooking method - message from winston
2022-05-10 10:48:24, info, inside getdata method - message from winston
2022-05-10 10:48:29, error, Invalid Email or Password - message from winston
2022-05-10 10:48:35, error, Invalid Email or Password - message from winston
2022-05-10 10:48:51, info, admin user signed in successfully - message from winston
2022-05-10 10:48:52, info, inside getname method - message from winston
2022-05-10 10:48:52, info, inside getname method - message from winston
2022-05-10 10:48:54, info, inside fetchallbookings method - message from winston
2022-05-10 10:48:55, info, inside getname method - message from winston
2022-05-10 10:49:06, info, inside addslot method - message from winston
2022-05-10 10:49:11, info, inside getdata method - message from winston
2022-05-10 10:49:13, info, inside fetchallbookings method - message from winston
2022-05-10 10:49:18, info, inside getname method - message from winston
2022-05-10 10:49:20, info, inside getname method - message from winston
2022-05-10 10:49:21, info, inside fetchallbookings method - message from winston
2022-05-10 10:49:29, info, inside fetchallbookings method - message from winston
2022-05-10 10:49:31, info, inside getname method - message from winston
2022-05-10 10:49:40, error, Invalid Email or Password - message from winston
2022-05-10 10:49:57, info, student user signed in successfully - message from winston
2022-05-10 10:49:59, info, inside getname method - message from winston
2022-05-10 10:49:59, info, inside getname method - message from winston
2022-05-10 10:50:00, info, inside getdata method - message from winston
2022-05-10 10:50:00, info, inside fetchbytokenbooking method - message from winston
2022-05-10 10:50:00, info, inside fetchslots method - message from winston
2022-05-10 10:50:01, info, inside fetchbytokenbooking method - message from winston
2022-05-10 10:50:02, info, inside getdata method - message from winston
2022-05-10 10:50:02, info, inside fetchbytokenbooking method - message from winston
2022-05-10 10:50:02, info, inside fetchslots method - message from winston
2022-05-10 10:50:03, info, inside getname method - message from winston
2022-05-10 10:50:04, info, inside getdata method - message from winston
2022-05-10 10:50:04, info, inside fetchbytokenbooking method - message from winston
2022-05-10 10:50:04, info, inside fetchslots method - message from winston
2022-05-10 10:50:04, info, inside fetchbytokenbooking method - message from winston
2022-05-10 10:50:20, info, inside fetchbytokenbooking method - message from winston
2022-05-10 10:50:20, info, inside fetchbytokenbooking method - message from winston
2022-05-10 10:50:20, info, inside getdata method - message from winston
2022-05-10 10:50:20, info, inside fetchslots method - message from winston
2022-05-10 10:50:24, info, inside fetchbytokenbooking method - message from winston
2022-05-10 10:50:24, info, inside getdata method - message from winston
2022-05-10 10:50:24, info, inside fetchbytokenbooking method - message from winston
2022-05-10 10:50:24, info, inside fetchslots method - message from winston
